d:\an3\an3_sem1\pg prelucrare grafica\laboratoare\lab 2\proiect\x64\release\vc142.pdb
d:\an3\an3_sem1\pg prelucrare grafica\laboratoare\lab 2\proiect\x64\release\tiny_obj_loader.obj
d:\an3\an3_sem1\pg prelucrare grafica\laboratoare\lab 2\proiect\x64\release\stb_image.obj
d:\an3\an3_sem1\pg prelucrare grafica\laboratoare\lab 2\proiect\x64\release\skybox.obj
d:\an3\an3_sem1\pg prelucrare grafica\laboratoare\lab 2\proiect\x64\release\shader.obj
d:\an3\an3_sem1\pg prelucrare grafica\laboratoare\lab 2\proiect\x64\release\model3d.obj
d:\an3\an3_sem1\pg prelucrare grafica\laboratoare\lab 2\proiect\x64\release\mesh.obj
d:\an3\an3_sem1\pg prelucrare grafica\laboratoare\lab 2\proiect\x64\release\main.obj
d:\an3\an3_sem1\pg prelucrare grafica\laboratoare\lab 2\proiect\x64\release\camera.obj
d:\an3\an3_sem1\pg prelucrare grafica\laboratoare\lab 2\proiect\x64\release\proiect.exe
d:\an3\an3_sem1\pg prelucrare grafica\laboratoare\lab 2\proiect\x64\release\proiect.pdb
d:\an3\an3_sem1\pg prelucrare grafica\laboratoare\lab 2\proiect\x64\release\proiect.ipdb
d:\an3\an3_sem1\pg prelucrare grafica\laboratoare\lab 2\proiect\x64\release\proiect.iobj
d:\an3\an3_sem1\pg prelucrare grafica\laboratoare\lab 2\proiect\x64\release\proiect.tlog\cl.command.1.tlog
d:\an3\an3_sem1\pg prelucrare grafica\laboratoare\lab 2\proiect\x64\release\proiect.tlog\cl.read.1.tlog
d:\an3\an3_sem1\pg prelucrare grafica\laboratoare\lab 2\proiect\x64\release\proiect.tlog\cl.write.1.tlog
d:\an3\an3_sem1\pg prelucrare grafica\laboratoare\lab 2\proiect\x64\release\proiect.tlog\link.command.1.tlog
d:\an3\an3_sem1\pg prelucrare grafica\laboratoare\lab 2\proiect\x64\release\proiect.tlog\link.read.1.tlog
d:\an3\an3_sem1\pg prelucrare grafica\laboratoare\lab 2\proiect\x64\release\proiect.tlog\link.write.1.tlog
d:\an3\an3_sem1\pg prelucrare grafica\laboratoare\lab 2\proiect\x64\release\proiect.tlog\proiect.write.1u.tlog
