  main.cpp
D:\AN3\an3_sem1\PG Prelucrare Grafica\LABORATOARE\lab 2\Proiect\main.cpp(184,14): warning C4244: '=': conversion from 'double' to 'GLfloat', possible loss of data
D:\AN3\an3_sem1\PG Prelucrare Grafica\LABORATOARE\lab 2\Proiect\main.cpp(185,14): warning C4244: '=': conversion from 'double' to 'GLfloat', possible loss of data
D:\AN3\an3_sem1\PG Prelucrare Grafica\LABORATOARE\lab 2\Proiect\main.cpp(189,19): warning C4244: 'initializing': conversion from 'double' to 'GLfloat', possible loss of data
D:\AN3\an3_sem1\PG Prelucrare Grafica\LABORATOARE\lab 2\Proiect\main.cpp(190,19): warning C4244: 'initializing': conversion from 'double' to 'GLfloat', possible loss of data
D:\AN3\an3_sem1\PG Prelucrare Grafica\LABORATOARE\lab 2\Proiect\main.cpp(192,13): warning C4244: '=': conversion from 'double' to 'GLfloat', possible loss of data
D:\AN3\an3_sem1\PG Prelucrare Grafica\LABORATOARE\lab 2\Proiect\main.cpp(193,13): warning C4244: '=': conversion from 'double' to 'GLfloat', possible loss of data
D:\AN3\an3_sem1\PG Prelucrare Grafica\LABORATOARE\lab 2\Proiect\main.cpp(383,33): warning C4305: 'argument': truncation from 'double' to 'GLclampf'
x64\Release\stb_image.obj : warning LNK4042: object specified more than once; extras ignored
  Generating code
  16 of 1632 functions ( 1.0%) were compiled, the rest were copied from previous compilation.
    0 functions were new in current compilation
    9 functions had inline decision re-evaluated but remain unchanged
  Finished generating code
LINK : warning LNK4286: symbol '__glewGenBuffers' defined in 'libglew32.lib(glew.obj)' is imported by 'Mesh.obj'
LINK : warning LNK4286: symbol '__glewGenVertexArrays' defined in 'libglew32.lib(glew.obj)' is imported by 'Mesh.obj'
LINK : warning LNK4286: symbol '__glewActiveTexture' defined in 'libglew32.lib(glew.obj)' is imported by 'Mesh.obj'
LINK : warning LNK4286: symbol '__glewBufferData' defined in 'libglew32.lib(glew.obj)' is imported by 'Mesh.obj'
LINK : warning LNK4286: symbol '__glewGetUniformLocation' defined in 'libglew32.lib(glew.obj)' is imported by 'Mesh.obj'
LINK : warning LNK4286: symbol '__glewUniform1i' defined in 'libglew32.lib(glew.obj)' is imported by 'Mesh.obj'
LINK : warning LNK4286: symbol '__glewBindBuffer' defined in 'libglew32.lib(glew.obj)' is imported by 'Mesh.obj'
LINK : warning LNK4286: symbol '__glewVertexAttribPointer' defined in 'libglew32.lib(glew.obj)' is imported by 'Mesh.obj'
LINK : warning LNK4286: symbol '__glewBindVertexArray' defined in 'libglew32.lib(glew.obj)' is imported by 'Mesh.obj'
LINK : warning LNK4286: symbol '__glewEnableVertexAttribArray' defined in 'libglew32.lib(glew.obj)' is imported by 'Mesh.obj'
LINK : warning LNK4286: symbol '__glewDeleteBuffers' defined in 'libglew32.lib(glew.obj)' is imported by 'Model3D.obj'
LINK : warning LNK4286: symbol '__glewGenerateMipmap' defined in 'libglew32.lib(glew.obj)' is imported by 'Model3D.obj'
LINK : warning LNK4286: symbol '__glewDeleteVertexArrays' defined in 'libglew32.lib(glew.obj)' is imported by 'Model3D.obj'
  Proiect.vcxproj -> D:\AN3\an3_sem1\PG Prelucrare Grafica\LABORATOARE\lab 2\Proiect\x64\Release\Proiect.exe
